<?xml version="1.0" encoding="utf-8"?>
<coverage line-rate="0.987" branch-rate="0.9558" version="1.9" timestamp="1674234771" lines-covered="304" lines-valid="308" branches-covered="65" branches-valid="68">
  <sources>
    <source>D:\Training projects\DisprzTraining-main\DisprzTraining\</source>
  </sources>
  <packages>
    <package name="DisprzTraining" line-rate="0.987" branch-rate="0.9558" complexity="89">
      <classes>
        <class name="Program" filename="Program.cs" line-rate="1" branch-rate="1" complexity="2">
          <methods>
            <method name="&lt;Main&gt;$" signature="(System.String[])" line-rate="1" branch-rate="1" complexity="2">
              <lines>
                <line number="4" hits="7" branch="False" />
                <line number="6" hits="7" branch="False" />
                <line number="7" hits="7" branch="False" />
                <line number="8" hits="7" branch="False" />
                <line number="9" hits="7" branch="False" />
                <line number="10" hits="7" branch="False" />
                <line number="11" hits="7" branch="False" />
                <line number="12" hits="14" branch="False" />
                <line number="15" hits="7" branch="False" />
                <line number="16" hits="7" branch="False" />
                <line number="18" hits="7" branch="False" />
                <line number="19" hits="7" branch="False" />
                <line number="21" hits="7" branch="False" />
                <line number="23" hits="7" branch="False" />
                <line number="26" hits="7" branch="True" condition-coverage="100% (2/2)">
                  <conditions>
                    <condition number="136" type="jump" coverage="100%" />
                  </conditions>
                </line>
                <line number="27" hits="7" branch="False" />
                <line number="28" hits="7" branch="False" />
                <line number="29" hits="7" branch="False" />
                <line number="30" hits="7" branch="False" />
                <line number="32" hits="7" branch="False" />
                <line number="34" hits="7" branch="False" />
                <line number="35" hits="14" branch="False" />
                <line number="36" hits="7" branch="False" />
                <line number="38" hits="7" branch="False" />
              </lines>
            </method>
          </methods>
          <lines>
            <line number="4" hits="7" branch="False" />
            <line number="6" hits="7" branch="False" />
            <line number="7" hits="7" branch="False" />
            <line number="8" hits="7" branch="False" />
            <line number="9" hits="7" branch="False" />
            <line number="10" hits="7" branch="False" />
            <line number="11" hits="7" branch="False" />
            <line number="12" hits="14" branch="False" />
            <line number="15" hits="7" branch="False" />
            <line number="16" hits="7" branch="False" />
            <line number="18" hits="7" branch="False" />
            <line number="19" hits="7" branch="False" />
            <line number="21" hits="7" branch="False" />
            <line number="23" hits="7" branch="False" />
            <line number="26" hits="7" branch="True" condition-coverage="100% (2/2)">
              <conditions>
                <condition number="136" type="jump" coverage="100%" />
              </conditions>
            </line>
            <line number="27" hits="7" branch="False" />
            <line number="28" hits="7" branch="False" />
            <line number="29" hits="7" branch="False" />
            <line number="30" hits="7" branch="False" />
            <line number="32" hits="7" branch="False" />
            <line number="34" hits="7" branch="False" />
            <line number="35" hits="14" branch="False" />
            <line number="36" hits="7" branch="False" />
            <line number="38" hits="7" branch="False" />
          </lines>
        </class>
        <class name="DisprzTraining.Utils.ConfigureDependenciesExtension" filename="Utils\ConfigureDependenciesExtension.cs" line-rate="1" branch-rate="1" complexity="1">
          <methods>
            <method name="ConfigureDependencyInjections" signature="(Microsoft.Extensions.DependencyInjection.IServiceCollection)" line-rate="1" branch-rate="1" complexity="1">
              <lines>
                <line number="12" hits="7" branch="False" />
                <line number="13" hits="7" branch="False" />
                <line number="17" hits="7" branch="False" />
                <line number="18" hits="7" branch="False" />
                <line number="19" hits="7" branch="False" />
              </lines>
            </method>
          </methods>
          <lines>
            <line number="12" hits="7" branch="False" />
            <line number="13" hits="7" branch="False" />
            <line number="17" hits="7" branch="False" />
            <line number="18" hits="7" branch="False" />
            <line number="19" hits="7" branch="False" />
          </lines>
        </class>
        <class name="DisprzTraining.Models.Appointment" filename="Models\Appointment.cs" line-rate="1" branch-rate="1" complexity="1">
          <methods>
            <method name="get_Id" signature="()" line-rate="1" branch-rate="1" complexity="1">
              <lines>
                <line number="8" hits="267" branch="False" />
              </lines>
            </method>
          </methods>
          <lines>
            <line number="8" hits="267" branch="False" />
          </lines>
        </class>
        <class name="DisprzTraining.Models.AppointmentsBase" filename="Models\AppointmentsBase .cs" line-rate="1" branch-rate="1" complexity="6">
          <methods>
            <method name="get_Date" signature="()" line-rate="1" branch-rate="1" complexity="1">
              <lines>
                <line number="8" hits="435" branch="False" />
              </lines>
            </method>
            <method name="get_Title" signature="()" line-rate="1" branch-rate="1" complexity="1">
              <lines>
                <line number="10" hits="266" branch="False" />
              </lines>
            </method>
            <method name="get_Description" signature="()" line-rate="1" branch-rate="1" complexity="1">
              <lines>
                <line number="11" hits="259" branch="False" />
              </lines>
            </method>
            <method name="get_Type" signature="()" line-rate="1" branch-rate="1" complexity="1">
              <lines>
                <line number="12" hits="270" branch="False" />
              </lines>
            </method>
            <method name="get_StartTime" signature="()" line-rate="1" branch-rate="1" complexity="1">
              <lines>
                <line number="15" hits="527" branch="False" />
              </lines>
            </method>
            <method name="get_EndTime" signature="()" line-rate="1" branch-rate="1" complexity="1">
              <lines>
                <line number="17" hits="469" branch="False" />
              </lines>
            </method>
          </methods>
          <lines>
            <line number="8" hits="435" branch="False" />
            <line number="10" hits="266" branch="False" />
            <line number="11" hits="259" branch="False" />
            <line number="12" hits="270" branch="False" />
            <line number="15" hits="527" branch="False" />
            <line number="17" hits="469" branch="False" />
          </lines>
        </class>
        <class name="DisprzTraining.Models.UpdateAppointment" filename="Models\UpdateAppointment .cs" line-rate="1" branch-rate="1" complexity="2">
          <methods>
            <method name="get_Appointment" signature="()" line-rate="1" branch-rate="1" complexity="1">
              <lines>
                <line number="8" hits="183" branch="False" />
              </lines>
            </method>
            <method name="get_OldDate" signature="()" line-rate="1" branch-rate="1" complexity="1">
              <lines>
                <line number="9" hits="51" branch="False" />
              </lines>
            </method>
          </methods>
          <lines>
            <line number="8" hits="183" branch="False" />
            <line number="9" hits="51" branch="False" />
          </lines>
        </class>
        <class name="DisprzTraining.Models.CustomCodeModel.CustomCodes" filename="Models\CustomCodeModel\CustomCodes.cs" line-rate="1" branch-rate="1" complexity="2">
          <methods>
            <method name="get_message" signature="()" line-rate="1" branch-rate="1" complexity="1">
              <lines>
                <line number="5" hits="56" branch="False" />
              </lines>
            </method>
            <method name="get_errorCode" signature="()" line-rate="1" branch-rate="1" complexity="1">
              <lines>
                <line number="6" hits="48" branch="False" />
              </lines>
            </method>
          </methods>
          <lines>
            <line number="5" hits="56" branch="False" />
            <line number="6" hits="48" branch="False" />
          </lines>
        </class>
        <class name="DisprzTraining.Data.DataStore" filename="Data\DataStore .cs" line-rate="1" branch-rate="1" complexity="1">
          <methods>
            <method name=".cctor" signature="()" line-rate="1" branch-rate="1" complexity="1">
              <lines>
                <line number="6" hits="1" branch="False" />
              </lines>
            </method>
          </methods>
          <lines>
            <line number="6" hits="1" branch="False" />
          </lines>
        </class>
        <class name="DisprzTraining.DataAccess.AppointmentsDAL" filename="DataAccess\AppointmentsDAL .cs" line-rate="0.9672" branch-rate="0.9285" complexity="42">
          <methods>
            <method name="CheckConflict" signature="(System.Collections.Generic.List`1&lt;DisprzTraining.Models.Appointment&gt;,DisprzTraining.Models.AddNewAppointment)" line-rate="1" branch-rate="1" complexity="6">
              <lines>
                <line number="12" hits="39" branch="False" />
                <line number="13" hits="142" branch="True" condition-coverage="100% (2/2)">
                  <conditions>
                    <condition number="76" type="jump" coverage="100%" />
                  </conditions>
                </line>
                <line number="14" hits="17" branch="False" />
                <line number="15" hits="17" branch="True" condition-coverage="100% (4/4)">
                  <conditions>
                    <condition number="37" type="jump" coverage="100%" />
                    <condition number="61" type="jump" coverage="100%" />
                  </conditions>
                </line>
                <line number="16" hits="9" branch="False" />
                <line number="17" hits="9" branch="False" />
                <line number="19" hits="8" branch="False" />
                <line number="20" hits="30" branch="False" />
                <line number="21" hits="39" branch="False" />
              </lines>
            </method>
            <method name="CheckUpdateConflict" signature="(System.Collections.Generic.List`1&lt;DisprzTraining.Models.Appointment&gt;,DisprzTraining.Models.Appointment)" line-rate="1" branch-rate="1" complexity="8">
              <lines>
                <line number="23" hits="8" branch="False" />
                <line number="25" hits="39" branch="True" condition-coverage="100% (2/2)">
                  <conditions>
                    <condition number="101" type="jump" coverage="100%" />
                  </conditions>
                </line>
                <line number="26" hits="10" branch="False" />
                <line number="27" hits="10" branch="True" condition-coverage="100% (2/2)">
                  <conditions>
                    <condition number="39" type="jump" coverage="100%" />
                  </conditions>
                </line>
                <line number="28" hits="3" branch="False" />
                <line number="29" hits="3" branch="False" />
                <line number="31" hits="7" branch="True" condition-coverage="100% (4/4)">
                  <conditions>
                    <condition number="61" type="jump" coverage="100%" />
                    <condition number="85" type="jump" coverage="100%" />
                  </conditions>
                </line>
                <line number="32" hits="5" branch="False" />
                <line number="33" hits="5" branch="False" />
                <line number="35" hits="2" branch="False" />
                <line number="36" hits="3" branch="False" />
                <line number="38" hits="8" branch="False" />
              </lines>
            </method>
            <method name="CreateNewAppointments" signature="(DisprzTraining.Models.AddNewAppointment)" line-rate="1" branch-rate="1" complexity="4">
              <lines>
                <line number="41" hits="51" branch="False" />
                <line number="45" hits="51" branch="True" condition-coverage="100% (2/2)">
                  <conditions>
                    <condition number="21" type="jump" coverage="100%" />
                  </conditions>
                </line>
                <line number="46" hits="39" branch="False" />
                <line number="48" hits="39" branch="False" />
                <line number="49" hits="39" branch="True" condition-coverage="100% (2/2)">
                  <conditions>
                    <condition number="39" type="jump" coverage="100%" />
                  </conditions>
                </line>
                <line number="50" hits="30" branch="False" />
                <line number="51" hits="30" branch="False" />
                <line number="52" hits="30" branch="False" />
                <line number="53" hits="30" branch="False" />
                <line number="54" hits="30" branch="False" />
                <line number="55" hits="30" branch="False" />
                <line number="56" hits="30" branch="False" />
                <line number="57" hits="30" branch="False" />
                <line number="58" hits="30" branch="False" />
                <line number="59" hits="30" branch="False" />
                <line number="60" hits="30" branch="False" />
                <line number="62" hits="38" branch="False" />
                <line number="63" hits="30" branch="False" />
                <line number="66" hits="9" branch="False" />
                <line number="67" hits="9" branch="False" />
                <line number="71" hits="12" branch="False" />
                <line number="72" hits="12" branch="False" />
                <line number="73" hits="12" branch="False" />
                <line number="74" hits="12" branch="False" />
                <line number="75" hits="12" branch="False" />
                <line number="76" hits="12" branch="False" />
                <line number="77" hits="12" branch="False" />
                <line number="78" hits="12" branch="False" />
                <line number="79" hits="12" branch="False" />
                <line number="80" hits="12" branch="False" />
                <line number="81" hits="12" branch="False" />
                <line number="82" hits="12" branch="False" />
                <line number="83" hits="12" branch="False" />
                <line number="90" hits="51" branch="False" />
              </lines>
            </method>
            <method name="GetAppointmentsByDate" signature="(System.DateTime)" line-rate="1" branch-rate="1" complexity="2">
              <lines>
                <line number="93" hits="27" branch="False" />
                <line number="96" hits="27" branch="True" condition-coverage="100% (2/2)">
                  <conditions>
                    <condition number="16" type="jump" coverage="100%" />
                  </conditions>
                </line>
                <line number="97" hits="26" branch="False" />
                <line number="98" hits="26" branch="False" />
                <line number="101" hits="1" branch="False" />
                <line number="103" hits="27" branch="False" />
              </lines>
            </method>
            <method name="GetRangedList" signature="(System.DateTime)" line-rate="1" branch-rate="0.9" complexity="10">
              <lines>
                <line number="105" hits="2" branch="False" />
                <line number="106" hits="2" branch="False" />
                <line number="107" hits="2" branch="False" />
                <line number="108" hits="32" branch="True" condition-coverage="100% (2/2)">
                  <conditions>
                    <condition number="168" type="jump" coverage="100%" />
                  </conditions>
                </line>
                <line number="109" hits="14" branch="False" />
                <line number="110" hits="14" branch="True" condition-coverage="100% (2/2)">
                  <conditions>
                    <condition number="34" type="jump" coverage="100%" />
                  </conditions>
                </line>
                <line number="111" hits="14" branch="False" />
                <line number="112" hits="66" branch="True" condition-coverage="100% (2/2)">
                  <conditions>
                    <condition number="118" type="jump" coverage="100%" />
                  </conditions>
                </line>
                <line number="113" hits="12" branch="False" />
                <line number="114" hits="12" branch="True" condition-coverage="75% (3/4)">
                  <conditions>
                    <condition number="71" type="jump" coverage="50%" />
                    <condition number="97" type="jump" coverage="100%" />
                  </conditions>
                </line>
                <line number="115" hits="12" branch="False" />
                <line number="116" hits="12" branch="False" />
                <line number="117" hits="12" branch="False" />
                <line number="118" hits="12" branch="False" />
                <line number="119" hits="14" branch="False" />
                <line number="120" hits="14" branch="False" />
                <line number="121" hits="14" branch="False" />
                <line number="122" hits="2" branch="False" />
                <line number="123" hits="2" branch="False" />
              </lines>
            </method>
            <method name="RemoveAppointmentsById" signature="(System.Guid,System.DateTime)" line-rate="1" branch-rate="1" complexity="4">
              <lines>
                <line number="125" hits="42" branch="False" />
                <line number="126" hits="42" branch="True" condition-coverage="100% (2/2)">
                  <conditions>
                    <condition number="29" type="jump" coverage="100%" />
                  </conditions>
                </line>
                <line number="127" hits="41" branch="False" />
                <line number="128" hits="81" branch="False" />
                <line number="129" hits="41" branch="True" condition-coverage="100% (2/2)">
                  <conditions>
                    <condition number="62" type="jump" coverage="100%" />
                  </conditions>
                </line>
                <line number="130" hits="35" branch="False" />
                <line number="131" hits="35" branch="False" />
                <line number="132" hits="35" branch="False" />
                <line number="135" hits="6" branch="False" />
                <line number="136" hits="6" branch="False" />
                <line number="140" hits="1" branch="False" />
                <line number="141" hits="1" branch="False" />
                <line number="143" hits="42" branch="False" />
              </lines>
            </method>
            <method name="UpdateAppointmentById" signature="(DisprzTraining.Models.Appointment)" line-rate="0.8946999999999999" branch-rate="0.75" complexity="4">
              <lines>
                <line number="146" hits="9" branch="False" />
                <line number="147" hits="9" branch="True" condition-coverage="50% (1/2)">
                  <conditions>
                    <condition number="39" type="jump" coverage="50%" />
                  </conditions>
                </line>
                <line number="148" hits="9" branch="False" />
                <line number="149" hits="25" branch="False" />
                <line number="151" hits="8" branch="False" />
                <line number="152" hits="8" branch="True" condition-coverage="100% (2/2)">
                  <conditions>
                    <condition number="90" type="jump" coverage="100%" />
                  </conditions>
                </line>
                <line number="153" hits="3" branch="False" />
                <line number="154" hits="3" branch="False" />
                <line number="155" hits="3" branch="False" />
                <line number="156" hits="3" branch="False" />
                <line number="157" hits="3" branch="False" />
                <line number="158" hits="3" branch="False" />
                <line number="159" hits="5" branch="False" />
                <line number="160" hits="3" branch="False" />
                <line number="163" hits="5" branch="False" />
                <line number="164" hits="5" branch="False" />
                <line number="168" hits="0" branch="False" />
                <line number="169" hits="0" branch="False" />
                <line number="171" hits="8" branch="False" />
              </lines>
            </method>
            <method name="CheckForId" signature="(System.Guid,System.DateTime)" line-rate="0.8" branch-rate="0.75" complexity="4">
              <lines>
                <line number="173" hits="6" branch="False" />
                <line number="174" hits="6" branch="True" condition-coverage="50% (1/2)">
                  <conditions>
                    <condition number="29" type="jump" coverage="50%" />
                  </conditions>
                </line>
                <line number="175" hits="6" branch="False" />
                <line number="176" hits="16" branch="True" condition-coverage="100% (2/2)">
                  <conditions>
                    <condition number="52" type="jump" coverage="100%" />
                  </conditions>
                </line>
                <line number="177" hits="5" branch="False" />
                <line number="178" hits="5" branch="False" />
                <line number="180" hits="1" branch="False" />
                <line number="183" hits="0" branch="False" />
                <line number="184" hits="0" branch="False" />
                <line number="187" hits="6" branch="False" />
              </lines>
            </method>
          </methods>
          <lines>
            <line number="12" hits="39" branch="False" />
            <line number="13" hits="142" branch="True" condition-coverage="100% (2/2)">
              <conditions>
                <condition number="76" type="jump" coverage="100%" />
              </conditions>
            </line>
            <line number="14" hits="17" branch="False" />
            <line number="15" hits="17" branch="True" condition-coverage="100% (4/4)">
              <conditions>
                <condition number="37" type="jump" coverage="100%" />
                <condition number="61" type="jump" coverage="100%" />
              </conditions>
            </line>
            <line number="16" hits="9" branch="False" />
            <line number="17" hits="9" branch="False" />
            <line number="19" hits="8" branch="False" />
            <line number="20" hits="30" branch="False" />
            <line number="21" hits="39" branch="False" />
            <line number="23" hits="8" branch="False" />
            <line number="25" hits="39" branch="True" condition-coverage="100% (2/2)">
              <conditions>
                <condition number="101" type="jump" coverage="100%" />
              </conditions>
            </line>
            <line number="26" hits="10" branch="False" />
            <line number="27" hits="10" branch="True" condition-coverage="100% (2/2)">
              <conditions>
                <condition number="39" type="jump" coverage="100%" />
              </conditions>
            </line>
            <line number="28" hits="3" branch="False" />
            <line number="29" hits="3" branch="False" />
            <line number="31" hits="7" branch="True" condition-coverage="100% (4/4)">
              <conditions>
                <condition number="61" type="jump" coverage="100%" />
                <condition number="85" type="jump" coverage="100%" />
              </conditions>
            </line>
            <line number="32" hits="5" branch="False" />
            <line number="33" hits="5" branch="False" />
            <line number="35" hits="2" branch="False" />
            <line number="36" hits="3" branch="False" />
            <line number="38" hits="8" branch="False" />
            <line number="41" hits="51" branch="False" />
            <line number="45" hits="51" branch="True" condition-coverage="100% (2/2)">
              <conditions>
                <condition number="21" type="jump" coverage="100%" />
              </conditions>
            </line>
            <line number="46" hits="39" branch="False" />
            <line number="48" hits="39" branch="False" />
            <line number="49" hits="39" branch="True" condition-coverage="100% (2/2)">
              <conditions>
                <condition number="39" type="jump" coverage="100%" />
              </conditions>
            </line>
            <line number="50" hits="30" branch="False" />
            <line number="51" hits="30" branch="False" />
            <line number="52" hits="30" branch="False" />
            <line number="53" hits="30" branch="False" />
            <line number="54" hits="30" branch="False" />
            <line number="55" hits="30" branch="False" />
            <line number="56" hits="30" branch="False" />
            <line number="57" hits="30" branch="False" />
            <line number="58" hits="30" branch="False" />
            <line number="59" hits="30" branch="False" />
            <line number="60" hits="30" branch="False" />
            <line number="62" hits="38" branch="False" />
            <line number="63" hits="30" branch="False" />
            <line number="66" hits="9" branch="False" />
            <line number="67" hits="9" branch="False" />
            <line number="71" hits="12" branch="False" />
            <line number="72" hits="12" branch="False" />
            <line number="73" hits="12" branch="False" />
            <line number="74" hits="12" branch="False" />
            <line number="75" hits="12" branch="False" />
            <line number="76" hits="12" branch="False" />
            <line number="77" hits="12" branch="False" />
            <line number="78" hits="12" branch="False" />
            <line number="79" hits="12" branch="False" />
            <line number="80" hits="12" branch="False" />
            <line number="81" hits="12" branch="False" />
            <line number="82" hits="12" branch="False" />
            <line number="83" hits="12" branch="False" />
            <line number="90" hits="51" branch="False" />
            <line number="93" hits="27" branch="False" />
            <line number="96" hits="27" branch="True" condition-coverage="100% (2/2)">
              <conditions>
                <condition number="16" type="jump" coverage="100%" />
              </conditions>
            </line>
            <line number="97" hits="26" branch="False" />
            <line number="98" hits="26" branch="False" />
            <line number="101" hits="1" branch="False" />
            <line number="103" hits="27" branch="False" />
            <line number="105" hits="2" branch="False" />
            <line number="106" hits="2" branch="False" />
            <line number="107" hits="2" branch="False" />
            <line number="108" hits="32" branch="True" condition-coverage="100% (2/2)">
              <conditions>
                <condition number="168" type="jump" coverage="100%" />
              </conditions>
            </line>
            <line number="109" hits="14" branch="False" />
            <line number="110" hits="14" branch="True" condition-coverage="100% (2/2)">
              <conditions>
                <condition number="34" type="jump" coverage="100%" />
              </conditions>
            </line>
            <line number="111" hits="14" branch="False" />
            <line number="112" hits="66" branch="True" condition-coverage="100% (2/2)">
              <conditions>
                <condition number="118" type="jump" coverage="100%" />
              </conditions>
            </line>
            <line number="113" hits="12" branch="False" />
            <line number="114" hits="12" branch="True" condition-coverage="75% (3/4)">
              <conditions>
                <condition number="71" type="jump" coverage="50%" />
                <condition number="97" type="jump" coverage="100%" />
              </conditions>
            </line>
            <line number="115" hits="12" branch="False" />
            <line number="116" hits="12" branch="False" />
            <line number="117" hits="12" branch="False" />
            <line number="118" hits="12" branch="False" />
            <line number="119" hits="14" branch="False" />
            <line number="120" hits="14" branch="False" />
            <line number="121" hits="14" branch="False" />
            <line number="122" hits="2" branch="False" />
            <line number="123" hits="2" branch="False" />
            <line number="125" hits="42" branch="False" />
            <line number="126" hits="42" branch="True" condition-coverage="100% (2/2)">
              <conditions>
                <condition number="29" type="jump" coverage="100%" />
              </conditions>
            </line>
            <line number="127" hits="41" branch="False" />
            <line number="128" hits="81" branch="False" />
            <line number="129" hits="41" branch="True" condition-coverage="100% (2/2)">
              <conditions>
                <condition number="62" type="jump" coverage="100%" />
              </conditions>
            </line>
            <line number="130" hits="35" branch="False" />
            <line number="131" hits="35" branch="False" />
            <line number="132" hits="35" branch="False" />
            <line number="135" hits="6" branch="False" />
            <line number="136" hits="6" branch="False" />
            <line number="140" hits="1" branch="False" />
            <line number="141" hits="1" branch="False" />
            <line number="143" hits="42" branch="False" />
            <line number="146" hits="9" branch="False" />
            <line number="147" hits="9" branch="True" condition-coverage="50% (1/2)">
              <conditions>
                <condition number="39" type="jump" coverage="50%" />
              </conditions>
            </line>
            <line number="148" hits="9" branch="False" />
            <line number="149" hits="25" branch="False" />
            <line number="151" hits="8" branch="False" />
            <line number="152" hits="8" branch="True" condition-coverage="100% (2/2)">
              <conditions>
                <condition number="90" type="jump" coverage="100%" />
              </conditions>
            </line>
            <line number="153" hits="3" branch="False" />
            <line number="154" hits="3" branch="False" />
            <line number="155" hits="3" branch="False" />
            <line number="156" hits="3" branch="False" />
            <line number="157" hits="3" branch="False" />
            <line number="158" hits="3" branch="False" />
            <line number="159" hits="5" branch="False" />
            <line number="160" hits="3" branch="False" />
            <line number="163" hits="5" branch="False" />
            <line number="164" hits="5" branch="False" />
            <line number="168" hits="0" branch="False" />
            <line number="169" hits="0" branch="False" />
            <line number="171" hits="8" branch="False" />
            <line number="173" hits="6" branch="False" />
            <line number="174" hits="6" branch="True" condition-coverage="50% (1/2)">
              <conditions>
                <condition number="29" type="jump" coverage="50%" />
              </conditions>
            </line>
            <line number="175" hits="6" branch="False" />
            <line number="176" hits="16" branch="True" condition-coverage="100% (2/2)">
              <conditions>
                <condition number="52" type="jump" coverage="100%" />
              </conditions>
            </line>
            <line number="177" hits="5" branch="False" />
            <line number="178" hits="5" branch="False" />
            <line number="180" hits="1" branch="False" />
            <line number="183" hits="0" branch="False" />
            <line number="184" hits="0" branch="False" />
            <line number="187" hits="6" branch="False" />
          </lines>
        </class>
        <class name="DisprzTraining.CustomErrorCodes.CustomErrorCodeMessages" filename="CustomErrorCodes\CustomErrorCodeMessages .cs" line-rate="1" branch-rate="1" complexity="1">
          <methods>
            <method name=".cctor" signature="()" line-rate="1" branch-rate="1" complexity="1">
              <lines>
                <line number="7" hits="1" branch="False" />
                <line number="8" hits="1" branch="False" />
                <line number="9" hits="1" branch="False" />
                <line number="10" hits="1" branch="False" />
                <line number="11" hits="1" branch="False" />
                <line number="12" hits="1" branch="False" />
                <line number="13" hits="1" branch="False" />
                <line number="14" hits="1" branch="False" />
                <line number="15" hits="1" branch="False" />
                <line number="16" hits="1" branch="False" />
                <line number="17" hits="1" branch="False" />
                <line number="18" hits="1" branch="False" />
                <line number="19" hits="1" branch="False" />
                <line number="20" hits="1" branch="False" />
                <line number="21" hits="1" branch="False" />
                <line number="22" hits="1" branch="False" />
                <line number="23" hits="1" branch="False" />
                <line number="24" hits="1" branch="False" />
                <line number="25" hits="1" branch="False" />
                <line number="26" hits="1" branch="False" />
                <line number="27" hits="1" branch="False" />
                <line number="28" hits="1" branch="False" />
                <line number="29" hits="1" branch="False" />
                <line number="30" hits="1" branch="False" />
                <line number="31" hits="1" branch="False" />
                <line number="32" hits="1" branch="False" />
                <line number="33" hits="1" branch="False" />
                <line number="34" hits="1" branch="False" />
                <line number="35" hits="1" branch="False" />
                <line number="36" hits="1" branch="False" />
                <line number="37" hits="1" branch="False" />
                <line number="38" hits="1" branch="False" />
                <line number="39" hits="1" branch="False" />
                <line number="40" hits="1" branch="False" />
                <line number="41" hits="1" branch="False" />
                <line number="42" hits="1" branch="False" />
                <line number="43" hits="1" branch="False" />
                <line number="44" hits="1" branch="False" />
                <line number="45" hits="1" branch="False" />
                <line number="46" hits="1" branch="False" />
              </lines>
            </method>
          </methods>
          <lines>
            <line number="7" hits="1" branch="False" />
            <line number="8" hits="1" branch="False" />
            <line number="9" hits="1" branch="False" />
            <line number="10" hits="1" branch="False" />
            <line number="11" hits="1" branch="False" />
            <line number="12" hits="1" branch="False" />
            <line number="13" hits="1" branch="False" />
            <line number="14" hits="1" branch="False" />
            <line number="15" hits="1" branch="False" />
            <line number="16" hits="1" branch="False" />
            <line number="17" hits="1" branch="False" />
            <line number="18" hits="1" branch="False" />
            <line number="19" hits="1" branch="False" />
            <line number="20" hits="1" branch="False" />
            <line number="21" hits="1" branch="False" />
            <line number="22" hits="1" branch="False" />
            <line number="23" hits="1" branch="False" />
            <line number="24" hits="1" branch="False" />
            <line number="25" hits="1" branch="False" />
            <line number="26" hits="1" branch="False" />
            <line number="27" hits="1" branch="False" />
            <line number="28" hits="1" branch="False" />
            <line number="29" hits="1" branch="False" />
            <line number="30" hits="1" branch="False" />
            <line number="31" hits="1" branch="False" />
            <line number="32" hits="1" branch="False" />
            <line number="33" hits="1" branch="False" />
            <line number="34" hits="1" branch="False" />
            <line number="35" hits="1" branch="False" />
            <line number="36" hits="1" branch="False" />
            <line number="37" hits="1" branch="False" />
            <line number="38" hits="1" branch="False" />
            <line number="39" hits="1" branch="False" />
            <line number="40" hits="1" branch="False" />
            <line number="41" hits="1" branch="False" />
            <line number="42" hits="1" branch="False" />
            <line number="43" hits="1" branch="False" />
            <line number="44" hits="1" branch="False" />
            <line number="45" hits="1" branch="False" />
            <line number="46" hits="1" branch="False" />
          </lines>
        </class>
        <class name="DisprzTraining.Controllers.AppointmentsController" filename="Controllers\AppointmentsController.cs" line-rate="1" branch-rate="1" complexity="9">
          <methods>
            <method name="CreateAppointment" signature="(DisprzTraining.Models.AddNewAppointment)" line-rate="1" branch-rate="1" complexity="2">
              <lines>
                <line number="31" hits="51" branch="False" />
                <line number="33" hits="51" branch="False" />
                <line number="34" hits="51" branch="False" />
                <line number="35" hits="46" branch="True" condition-coverage="100% (2/2)">
                  <conditions>
                    <condition number="18" type="jump" coverage="100%" />
                  </conditions>
                </line>
                <line number="36" hits="41" branch="False" />
                <line number="37" hits="41" branch="False" />
                <line number="40" hits="5" branch="False" />
                <line number="41" hits="5" branch="False" />
                <line number="44" hits="5" branch="False" />
                <line number="45" hits="5" branch="False" />
                <line number="46" hits="5" branch="False" />
                <line number="48" hits="51" branch="False" />
              </lines>
            </method>
            <method name="GetAppointmentsByDate" signature="(System.DateTime)" line-rate="1" branch-rate="1" complexity="1">
              <lines>
                <line number="54" hits="27" branch="False" />
                <line number="56" hits="27" branch="False" />
                <line number="57" hits="27" branch="False" />
              </lines>
            </method>
            <method name="GetListByRange" signature="(System.DateTime)" line-rate="1" branch-rate="1" complexity="1">
              <lines>
                <line number="62" hits="2" branch="False" />
                <line number="63" hits="2" branch="False" />
                <line number="64" hits="2" branch="False" />
              </lines>
            </method>
            <method name="Remove" signature="(System.Guid,System.DateTime)" line-rate="1" branch-rate="1" complexity="2">
              <lines>
                <line number="71" hits="41" branch="False" />
                <line number="72" hits="41" branch="False" />
                <line number="73" hits="41" branch="True" condition-coverage="100% (2/2)">
                  <conditions>
                    <condition number="18" type="jump" coverage="100%" />
                  </conditions>
                </line>
                <line number="74" hits="34" branch="False" />
                <line number="75" hits="34" branch="False" />
                <line number="78" hits="7" branch="False" />
                <line number="79" hits="7" branch="False" />
                <line number="81" hits="41" branch="False" />
              </lines>
            </method>
            <method name="Update" signature="(DisprzTraining.Models.UpdateAppointment)" line-rate="1" branch-rate="1" complexity="2">
              <lines>
                <line number="87" hits="19" branch="False" />
                <line number="89" hits="19" branch="False" />
                <line number="90" hits="19" branch="False" />
                <line number="91" hits="13" branch="True" condition-coverage="100% (2/2)">
                  <conditions>
                    <condition number="18" type="jump" coverage="100%" />
                  </conditions>
                </line>
                <line number="92" hits="4" branch="False" />
                <line number="93" hits="4" branch="False" />
                <line number="96" hits="9" branch="False" />
                <line number="97" hits="9" branch="False" />
                <line number="100" hits="1" branch="False" />
                <line number="101" hits="1" branch="False" />
                <line number="102" hits="1" branch="False" />
                <line number="104" hits="5" branch="False" />
                <line number="105" hits="5" branch="False" />
                <line number="106" hits="5" branch="False" />
                <line number="109" hits="19" branch="False" />
              </lines>
            </method>
            <method name=".ctor" signature="(DisprzTraining.Business.IAppointmentsBL)" line-rate="1" branch-rate="1" complexity="1">
              <lines>
                <line number="18" hits="61" branch="False" />
                <line number="19" hits="61" branch="False" />
                <line number="20" hits="61" branch="False" />
                <line number="21" hits="61" branch="False" />
              </lines>
            </method>
          </methods>
          <lines>
            <line number="31" hits="51" branch="False" />
            <line number="33" hits="51" branch="False" />
            <line number="34" hits="51" branch="False" />
            <line number="35" hits="46" branch="True" condition-coverage="100% (2/2)">
              <conditions>
                <condition number="18" type="jump" coverage="100%" />
              </conditions>
            </line>
            <line number="36" hits="41" branch="False" />
            <line number="37" hits="41" branch="False" />
            <line number="40" hits="5" branch="False" />
            <line number="41" hits="5" branch="False" />
            <line number="44" hits="5" branch="False" />
            <line number="45" hits="5" branch="False" />
            <line number="46" hits="5" branch="False" />
            <line number="48" hits="51" branch="False" />
            <line number="54" hits="27" branch="False" />
            <line number="56" hits="27" branch="False" />
            <line number="57" hits="27" branch="False" />
            <line number="62" hits="2" branch="False" />
            <line number="63" hits="2" branch="False" />
            <line number="64" hits="2" branch="False" />
            <line number="71" hits="41" branch="False" />
            <line number="72" hits="41" branch="False" />
            <line number="73" hits="41" branch="True" condition-coverage="100% (2/2)">
              <conditions>
                <condition number="18" type="jump" coverage="100%" />
              </conditions>
            </line>
            <line number="74" hits="34" branch="False" />
            <line number="75" hits="34" branch="False" />
            <line number="78" hits="7" branch="False" />
            <line number="79" hits="7" branch="False" />
            <line number="81" hits="41" branch="False" />
            <line number="87" hits="19" branch="False" />
            <line number="89" hits="19" branch="False" />
            <line number="90" hits="19" branch="False" />
            <line number="91" hits="13" branch="True" condition-coverage="100% (2/2)">
              <conditions>
                <condition number="18" type="jump" coverage="100%" />
              </conditions>
            </line>
            <line number="92" hits="4" branch="False" />
            <line number="93" hits="4" branch="False" />
            <line number="96" hits="9" branch="False" />
            <line number="97" hits="9" branch="False" />
            <line number="100" hits="1" branch="False" />
            <line number="101" hits="1" branch="False" />
            <line number="102" hits="1" branch="False" />
            <line number="104" hits="5" branch="False" />
            <line number="105" hits="5" branch="False" />
            <line number="106" hits="5" branch="False" />
            <line number="109" hits="19" branch="False" />
            <line number="18" hits="61" branch="False" />
            <line number="19" hits="61" branch="False" />
            <line number="20" hits="61" branch="False" />
            <line number="21" hits="61" branch="False" />
          </lines>
        </class>
        <class name="DisprzTraining.Business.AppointmentsBL" filename="Business\AppointmentsBL .cs" line-rate="1" branch-rate="1" complexity="22">
          <methods>
            <method name="CreateNewAppointment" signature="(DisprzTraining.Models.AddNewAppointment)" line-rate="1" branch-rate="1" complexity="6">
              <lines>
                <line number="19" hits="51" branch="False" />
                <line number="20" hits="51" branch="True" condition-coverage="100% (2/2)">
                  <conditions>
                    <condition number="20" type="jump" coverage="100%" />
                  </conditions>
                </line>
                <line number="21" hits="2" branch="False" />
                <line number="22" hits="2" branch="False" />
                <line number="24" hits="49" branch="True" condition-coverage="100% (2/2)">
                  <conditions>
                    <condition number="58" type="jump" coverage="100%" />
                  </conditions>
                </line>
                <line number="25" hits="2" branch="False" />
                <line number="26" hits="2" branch="False" />
                <line number="28" hits="47" branch="False" />
                <line number="29" hits="47" branch="True" condition-coverage="100% (2/2)">
                  <conditions>
                    <condition number="100" type="jump" coverage="100%" />
                  </conditions>
                </line>
                <line number="30" hits="1" branch="False" />
                <line number="31" hits="1" branch="False" />
                <line number="34" hits="46" branch="False" />
                <line number="37" hits="46" branch="False" />
              </lines>
            </method>
            <method name="GetAppointmentsForSelectedDate" signature="(System.DateTime)" line-rate="1" branch-rate="1" complexity="1">
              <lines>
                <line number="40" hits="27" branch="False" />
                <line number="42" hits="27" branch="False" />
                <line number="44" hits="27" branch="False" />
              </lines>
            </method>
            <method name="GetRangedList" signature="(System.DateTime)" line-rate="1" branch-rate="1" complexity="1">
              <lines>
                <line number="47" hits="2" branch="False" />
                <line number="48" hits="2" branch="False" />
                <line number="49" hits="2" branch="False" />
              </lines>
            </method>
            <method name="RemoveAppointments" signature="(System.Guid,System.DateTime)" line-rate="1" branch-rate="1" complexity="1">
              <lines>
                <line number="51" hits="41" branch="False" />
                <line number="52" hits="41" branch="False" />
                <line number="53" hits="41" branch="False" />
              </lines>
            </method>
            <method name="UpdateAppointments" signature="(DisprzTraining.Models.UpdateAppointment)" line-rate="1" branch-rate="1" complexity="12">
              <lines>
                <line number="55" hits="19" branch="False" />
                <line number="56" hits="19" branch="True" condition-coverage="100% (2/2)">
                  <conditions>
                    <condition number="30" type="jump" coverage="100%" />
                  </conditions>
                </line>
                <line number="57" hits="1" branch="False" />
                <line number="58" hits="1" branch="False" />
                <line number="60" hits="18" branch="True" condition-coverage="100% (2/2)">
                  <conditions>
                    <condition number="78" type="jump" coverage="100%" />
                  </conditions>
                </line>
                <line number="61" hits="2" branch="False" />
                <line number="62" hits="2" branch="False" />
                <line number="64" hits="16" branch="False" />
                <line number="65" hits="16" branch="True" condition-coverage="100% (2/2)">
                  <conditions>
                    <condition number="125" type="jump" coverage="100%" />
                  </conditions>
                </line>
                <line number="66" hits="1" branch="False" />
                <line number="67" hits="1" branch="False" />
                <line number="69" hits="15" branch="True" condition-coverage="100% (2/2)">
                  <conditions>
                    <condition number="170" type="jump" coverage="100%" />
                  </conditions>
                </line>
                <line number="70" hits="9" branch="False" />
                <line number="71" hits="9" branch="False" />
                <line number="74" hits="6" branch="False" />
                <line number="75" hits="6" branch="True" condition-coverage="100% (2/2)">
                  <conditions>
                    <condition number="230" type="jump" coverage="100%" />
                  </conditions>
                </line>
                <line number="76" hits="5" branch="False" />
                <line number="77" hits="5" branch="False" />
                <line number="78" hits="5" branch="False" />
                <line number="79" hits="5" branch="False" />
                <line number="80" hits="5" branch="False" />
                <line number="81" hits="5" branch="False" />
                <line number="82" hits="5" branch="False" />
                <line number="83" hits="5" branch="False" />
                <line number="84" hits="5" branch="False" />
                <line number="85" hits="5" branch="False" />
                <line number="86" hits="5" branch="True" condition-coverage="100% (2/2)">
                  <conditions>
                    <condition number="368" type="jump" coverage="100%" />
                  </conditions>
                </line>
                <line number="87" hits="1" branch="False" />
                <line number="88" hits="1" branch="False" />
                <line number="92" hits="4" branch="False" />
                <line number="93" hits="4" branch="False" />
                <line number="97" hits="1" branch="False" />
                <line number="98" hits="1" branch="False" />
                <line number="102" hits="13" branch="False" />
              </lines>
            </method>
            <method name=".ctor" signature="(DisprzTraining.DataAccess.IAppointmentsDAL)" line-rate="1" branch-rate="1" complexity="1">
              <lines>
                <line number="13" hits="61" branch="False" />
                <line number="14" hits="61" branch="False" />
                <line number="15" hits="61" branch="False" />
                <line number="16" hits="61" branch="False" />
              </lines>
            </method>
          </methods>
          <lines>
            <line number="19" hits="51" branch="False" />
            <line number="20" hits="51" branch="True" condition-coverage="100% (2/2)">
              <conditions>
                <condition number="20" type="jump" coverage="100%" />
              </conditions>
            </line>
            <line number="21" hits="2" branch="False" />
            <line number="22" hits="2" branch="False" />
            <line number="24" hits="49" branch="True" condition-coverage="100% (2/2)">
              <conditions>
                <condition number="58" type="jump" coverage="100%" />
              </conditions>
            </line>
            <line number="25" hits="2" branch="False" />
            <line number="26" hits="2" branch="False" />
            <line number="28" hits="47" branch="False" />
            <line number="29" hits="47" branch="True" condition-coverage="100% (2/2)">
              <conditions>
                <condition number="100" type="jump" coverage="100%" />
              </conditions>
            </line>
            <line number="30" hits="1" branch="False" />
            <line number="31" hits="1" branch="False" />
            <line number="34" hits="46" branch="False" />
            <line number="37" hits="46" branch="False" />
            <line number="40" hits="27" branch="False" />
            <line number="42" hits="27" branch="False" />
            <line number="44" hits="27" branch="False" />
            <line number="47" hits="2" branch="False" />
            <line number="48" hits="2" branch="False" />
            <line number="49" hits="2" branch="False" />
            <line number="51" hits="41" branch="False" />
            <line number="52" hits="41" branch="False" />
            <line number="53" hits="41" branch="False" />
            <line number="55" hits="19" branch="False" />
            <line number="56" hits="19" branch="True" condition-coverage="100% (2/2)">
              <conditions>
                <condition number="30" type="jump" coverage="100%" />
              </conditions>
            </line>
            <line number="57" hits="1" branch="False" />
            <line number="58" hits="1" branch="False" />
            <line number="60" hits="18" branch="True" condition-coverage="100% (2/2)">
              <conditions>
                <condition number="78" type="jump" coverage="100%" />
              </conditions>
            </line>
            <line number="61" hits="2" branch="False" />
            <line number="62" hits="2" branch="False" />
            <line number="64" hits="16" branch="False" />
            <line number="65" hits="16" branch="True" condition-coverage="100% (2/2)">
              <conditions>
                <condition number="125" type="jump" coverage="100%" />
              </conditions>
            </line>
            <line number="66" hits="1" branch="False" />
            <line number="67" hits="1" branch="False" />
            <line number="69" hits="15" branch="True" condition-coverage="100% (2/2)">
              <conditions>
                <condition number="170" type="jump" coverage="100%" />
              </conditions>
            </line>
            <line number="70" hits="9" branch="False" />
            <line number="71" hits="9" branch="False" />
            <line number="74" hits="6" branch="False" />
            <line number="75" hits="6" branch="True" condition-coverage="100% (2/2)">
              <conditions>
                <condition number="230" type="jump" coverage="100%" />
              </conditions>
            </line>
            <line number="76" hits="5" branch="False" />
            <line number="77" hits="5" branch="False" />
            <line number="78" hits="5" branch="False" />
            <line number="79" hits="5" branch="False" />
            <line number="80" hits="5" branch="False" />
            <line number="81" hits="5" branch="False" />
            <line number="82" hits="5" branch="False" />
            <line number="83" hits="5" branch="False" />
            <line number="84" hits="5" branch="False" />
            <line number="85" hits="5" branch="False" />
            <line number="86" hits="5" branch="True" condition-coverage="100% (2/2)">
              <conditions>
                <condition number="368" type="jump" coverage="100%" />
              </conditions>
            </line>
            <line number="87" hits="1" branch="False" />
            <line number="88" hits="1" branch="False" />
            <line number="92" hits="4" branch="False" />
            <line number="93" hits="4" branch="False" />
            <line number="97" hits="1" branch="False" />
            <line number="98" hits="1" branch="False" />
            <line number="102" hits="13" branch="False" />
            <line number="13" hits="61" branch="False" />
            <line number="14" hits="61" branch="False" />
            <line number="15" hits="61" branch="False" />
            <line number="16" hits="61" branch="False" />
          </lines>
        </class>
      </classes>
    </package>
  </packages>
</coverage>